.\Debug\Snes9X.bsc
D:\Emu\SNES\snes9x-git\snes9x\win32\.\Debug\Snes9X.exe.intermediate.manifest
D:\EMU\SNES\SNES9X-GIT\SNES9X\WIN32\DEBUG\_TFWOPEN.OBJ
D:\EMU\SNES\SNES9X-GIT\SNES9X\WIN32\DEBUG\_TFWOPEN.SBR
D:\EMU\SNES\SNES9X-GIT\SNES9X\WIN32\DEBUG\2XSAI.OBJ
D:\EMU\SNES\SNES9X-GIT\SNES9X\WIN32\DEBUG\2XSAI.SBR
D:\EMU\SNES\SNES9X-GIT\SNES9X\WIN32\DEBUG\7ZLZMA.OBJ
D:\EMU\SNES\SNES9X-GIT\SNES9X\WIN32\DEBUG\7ZLZMA.SBR
D:\EMU\SNES\SNES9X-GIT\SNES9X\WIN32\DEBUG\APU.OBJ
D:\EMU\SNES\SNES9X-GIT\SNES9X\WIN32\DEBUG\APU.SBR
D:\EMU\SNES\SNES9X-GIT\SNES9X\WIN32\DEBUG\AVIOUTPUT.OBJ
D:\EMU\SNES\SNES9X-GIT\SNES9X\WIN32\DEBUG\AVIOUTPUT.SBR
D:\EMU\SNES\SNES9X-GIT\SNES9X\WIN32\DEBUG\BLIT.OBJ
D:\EMU\SNES\SNES9X-GIT\SNES9X\WIN32\DEBUG\BLIT.SBR
D:\Emu\SNES\snes9x-git\snes9x\win32\Debug\BscMake.command.1.tlog
D:\Emu\SNES\snes9x-git\snes9x\win32\Debug\bscmake.read.1.tlog
D:\Emu\SNES\snes9x-git\snes9x\win32\Debug\bscmake.write.1.tlog
D:\EMU\SNES\SNES9X-GIT\SNES9X\WIN32\DEBUG\BSX.OBJ
D:\EMU\SNES\SNES9X-GIT\SNES9X\WIN32\DEBUG\BSX.SBR
D:\EMU\SNES\SNES9X-GIT\SNES9X\WIN32\DEBUG\C4.OBJ
D:\EMU\SNES\SNES9X-GIT\SNES9X\WIN32\DEBUG\C4.SBR
D:\EMU\SNES\SNES9X-GIT\SNES9X\WIN32\DEBUG\C4EMU.OBJ
D:\EMU\SNES\SNES9X-GIT\SNES9X\WIN32\DEBUG\C4EMU.SBR
D:\EMU\SNES\SNES9X-GIT\SNES9X\WIN32\DEBUG\CCGSHADER.OBJ
D:\EMU\SNES\SNES9X-GIT\SNES9X\WIN32\DEBUG\CCGSHADER.SBR
D:\EMU\SNES\SNES9X-GIT\SNES9X\WIN32\DEBUG\CD3DCG.OBJ
D:\EMU\SNES\SNES9X-GIT\SNES9X\WIN32\DEBUG\CD3DCG.SBR
D:\EMU\SNES\SNES9X-GIT\SNES9X\WIN32\DEBUG\CDIRECT3D.OBJ
D:\EMU\SNES\SNES9X-GIT\SNES9X\WIN32\DEBUG\CDIRECT3D.SBR
D:\EMU\SNES\SNES9X-GIT\SNES9X\WIN32\DEBUG\CDIRECTDRAW.OBJ
D:\EMU\SNES\SNES9X-GIT\SNES9X\WIN32\DEBUG\CDIRECTDRAW.SBR
D:\EMU\SNES\SNES9X-GIT\SNES9X\WIN32\DEBUG\CDIRECTSOUND.OBJ
D:\EMU\SNES\SNES9X-GIT\SNES9X\WIN32\DEBUG\CDIRECTSOUND.SBR
D:\EMU\SNES\SNES9X-GIT\SNES9X\WIN32\DEBUG\CFMOD.OBJ
D:\EMU\SNES\SNES9X-GIT\SNES9X\WIN32\DEBUG\CFMOD.SBR
D:\EMU\SNES\SNES9X-GIT\SNES9X\WIN32\DEBUG\CFMODEX.OBJ
D:\EMU\SNES\SNES9X-GIT\SNES9X\WIN32\DEBUG\CFMODEX.SBR
D:\EMU\SNES\SNES9X-GIT\SNES9X\WIN32\DEBUG\CGFUNCTIONS.OBJ
D:\EMU\SNES\SNES9X-GIT\SNES9X\WIN32\DEBUG\CGFUNCTIONS.SBR
D:\EMU\SNES\SNES9X-GIT\SNES9X\WIN32\DEBUG\CGLCG.OBJ
D:\EMU\SNES\SNES9X-GIT\SNES9X\WIN32\DEBUG\CGLCG.SBR
D:\EMU\SNES\SNES9X-GIT\SNES9X\WIN32\DEBUG\CHEATS.OBJ
D:\EMU\SNES\SNES9X-GIT\SNES9X\WIN32\DEBUG\CHEATS.SBR
D:\EMU\SNES\SNES9X-GIT\SNES9X\WIN32\DEBUG\CHEATS2.OBJ
D:\EMU\SNES\SNES9X-GIT\SNES9X\WIN32\DEBUG\CHEATS2.SBR
D:\Emu\SNES\snes9x-git\snes9x\win32\Debug\cl.command.1.tlog
D:\Emu\SNES\snes9x-git\snes9x\win32\Debug\CL.read.1.tlog
D:\Emu\SNES\snes9x-git\snes9x\win32\Debug\CL.write.1.tlog
D:\EMU\SNES\SNES9X-GIT\SNES9X\WIN32\DEBUG\CLIP.OBJ
D:\EMU\SNES\SNES9X-GIT\SNES9X\WIN32\DEBUG\CLIP.SBR
D:\EMU\SNES\SNES9X-GIT\SNES9X\WIN32\DEBUG\CONFFILE.OBJ
D:\EMU\SNES\SNES9X-GIT\SNES9X\WIN32\DEBUG\CONFFILE.SBR
D:\EMU\SNES\SNES9X-GIT\SNES9X\WIN32\DEBUG\CONTROLS.OBJ
D:\EMU\SNES\SNES9X-GIT\SNES9X\WIN32\DEBUG\CONTROLS.SBR
D:\EMU\SNES\SNES9X-GIT\SNES9X\WIN32\DEBUG\COPENGL.OBJ
D:\EMU\SNES\SNES9X-GIT\SNES9X\WIN32\DEBUG\COPENGL.SBR
D:\EMU\SNES\SNES9X-GIT\SNES9X\WIN32\DEBUG\CPU.OBJ
D:\EMU\SNES\SNES9X-GIT\SNES9X\WIN32\DEBUG\CPU.SBR
D:\EMU\SNES\SNES9X-GIT\SNES9X\WIN32\DEBUG\CPUEXEC.OBJ
D:\EMU\SNES\SNES9X-GIT\SNES9X\WIN32\DEBUG\CPUEXEC.SBR
D:\EMU\SNES\SNES9X-GIT\SNES9X\WIN32\DEBUG\CPUOPS.OBJ
D:\EMU\SNES\SNES9X-GIT\SNES9X\WIN32\DEBUG\CPUOPS.SBR
D:\EMU\SNES\SNES9X-GIT\SNES9X\WIN32\DEBUG\CRC32.OBJ
D:\EMU\SNES\SNES9X-GIT\SNES9X\WIN32\DEBUG\CRC32.SBR
D:\EMU\SNES\SNES9X-GIT\SNES9X\WIN32\DEBUG\CROSSHAIRS.OBJ
D:\EMU\SNES\SNES9X-GIT\SNES9X\WIN32\DEBUG\CROSSHAIRS.SBR
D:\EMU\SNES\SNES9X-GIT\SNES9X\WIN32\DEBUG\CXAUDIO2.OBJ
D:\EMU\SNES\SNES9X-GIT\SNES9X\WIN32\DEBUG\CXAUDIO2.SBR
D:\EMU\SNES\SNES9X-GIT\SNES9X\WIN32\DEBUG\DEBUG.OBJ
D:\EMU\SNES\SNES9X-GIT\SNES9X\WIN32\DEBUG\DEBUG.SBR
D:\EMU\SNES\SNES9X-GIT\SNES9X\WIN32\DEBUG\DMA.OBJ
D:\EMU\SNES\SNES9X-GIT\SNES9X\WIN32\DEBUG\DMA.SBR
D:\EMU\SNES\SNES9X-GIT\SNES9X\WIN32\DEBUG\DSP.OBJ
D:\EMU\SNES\SNES9X-GIT\SNES9X\WIN32\DEBUG\DSP.SBR
D:\EMU\SNES\SNES9X-GIT\SNES9X\WIN32\DEBUG\DSP1.OBJ
D:\EMU\SNES\SNES9X-GIT\SNES9X\WIN32\DEBUG\DSP1.SBR
D:\EMU\SNES\SNES9X-GIT\SNES9X\WIN32\DEBUG\DSP2.OBJ
D:\EMU\SNES\SNES9X-GIT\SNES9X\WIN32\DEBUG\DSP2.SBR
D:\EMU\SNES\SNES9X-GIT\SNES9X\WIN32\DEBUG\DSP3.OBJ
D:\EMU\SNES\SNES9X-GIT\SNES9X\WIN32\DEBUG\DSP3.SBR
D:\EMU\SNES\SNES9X-GIT\SNES9X\WIN32\DEBUG\DSP4.OBJ
D:\EMU\SNES\SNES9X-GIT\SNES9X\WIN32\DEBUG\DSP4.SBR
D:\EMU\SNES\SNES9X-GIT\SNES9X\WIN32\DEBUG\EPX.OBJ
D:\EMU\SNES\SNES9X-GIT\SNES9X\WIN32\DEBUG\EPX.SBR
D:\EMU\SNES\SNES9X-GIT\SNES9X\WIN32\DEBUG\FXEMU.OBJ
D:\EMU\SNES\SNES9X-GIT\SNES9X\WIN32\DEBUG\FXEMU.SBR
D:\EMU\SNES\SNES9X-GIT\SNES9X\WIN32\DEBUG\FXINST.OBJ
D:\EMU\SNES\SNES9X-GIT\SNES9X\WIN32\DEBUG\FXINST.SBR
D:\EMU\SNES\SNES9X-GIT\SNES9X\WIN32\DEBUG\GFX.OBJ
D:\EMU\SNES\SNES9X-GIT\SNES9X\WIN32\DEBUG\GFX.SBR
D:\EMU\SNES\SNES9X-GIT\SNES9X\WIN32\DEBUG\GLOBALS.OBJ
D:\EMU\SNES\SNES9X-GIT\SNES9X\WIN32\DEBUG\GLOBALS.SBR
D:\EMU\SNES\SNES9X-GIT\SNES9X\WIN32\DEBUG\HQ2X.OBJ
D:\EMU\SNES\SNES9X-GIT\SNES9X\WIN32\DEBUG\HQ2X.SBR
D:\EMU\SNES\SNES9X-GIT\SNES9X\WIN32\DEBUG\IIOSTRM.OBJ
D:\EMU\SNES\SNES9X-GIT\SNES9X\WIN32\DEBUG\IIOSTRM.SBR
D:\EMU\SNES\SNES9X-GIT\SNES9X\WIN32\DEBUG\INBYTE.OBJ
D:\EMU\SNES\SNES9X-GIT\SNES9X\WIN32\DEBUG\INBYTE.SBR
D:\EMU\SNES\SNES9X-GIT\SNES9X\WIN32\DEBUG\INPUTCUSTOM.OBJ
D:\EMU\SNES\SNES9X-GIT\SNES9X\WIN32\DEBUG\INPUTCUSTOM.SBR
D:\EMU\SNES\SNES9X-GIT\SNES9X\WIN32\DEBUG\JMA.OBJ
D:\EMU\SNES\SNES9X-GIT\SNES9X\WIN32\DEBUG\JMA.SBR
D:\Emu\SNES\snes9x-git\snes9x\win32\Debug\link.command.1.tlog
D:\Emu\SNES\snes9x-git\snes9x\win32\Debug\link.read.1.tlog
D:\Emu\SNES\snes9x-git\snes9x\win32\Debug\link.write.1.tlog
D:\Emu\SNES\snes9x-git\snes9x\win32\Debug\link-cvtres.read.1.tlog
D:\Emu\SNES\snes9x-git\snes9x\win32\Debug\link-cvtres.write.1.tlog
D:\EMU\SNES\SNES9X-GIT\SNES9X\WIN32\DEBUG\LOADZIP.OBJ
D:\EMU\SNES\SNES9X-GIT\SNES9X\WIN32\DEBUG\LOADZIP.SBR
D:\EMU\SNES\SNES9X-GIT\SNES9X\WIN32\DEBUG\LOGGER.OBJ
D:\EMU\SNES\SNES9X-GIT\SNES9X\WIN32\DEBUG\LOGGER.SBR
D:\EMU\SNES\SNES9X-GIT\SNES9X\WIN32\DEBUG\LZMA.OBJ
D:\EMU\SNES\SNES9X-GIT\SNES9X\WIN32\DEBUG\LZMA.SBR
D:\EMU\SNES\SNES9X-GIT\SNES9X\WIN32\DEBUG\LZMADEC.OBJ
D:\EMU\SNES\SNES9X-GIT\SNES9X\WIN32\DEBUG\LZMADEC.SBR
D:\EMU\SNES\SNES9X-GIT\SNES9X\WIN32\DEBUG\MEMMAP.OBJ
D:\EMU\SNES\SNES9X-GIT\SNES9X\WIN32\DEBUG\MEMMAP.SBR
D:\EMU\SNES\SNES9X-GIT\SNES9X\WIN32\DEBUG\MOVIE.OBJ
D:\EMU\SNES\SNES9X-GIT\SNES9X\WIN32\DEBUG\MOVIE.SBR
D:\Emu\SNES\snes9x-git\snes9x\win32\Debug\mt.command.1.tlog
D:\Emu\SNES\snes9x-git\snes9x\win32\Debug\mt.read.1.tlog
D:\Emu\SNES\snes9x-git\snes9x\win32\Debug\mt.write.1.tlog
D:\EMU\SNES\SNES9X-GIT\SNES9X\WIN32\DEBUG\NETPLAY.OBJ
D:\EMU\SNES\SNES9X-GIT\SNES9X\WIN32\DEBUG\NETPLAY.SBR
D:\EMU\SNES\SNES9X-GIT\SNES9X\WIN32\DEBUG\OBC1.OBJ
D:\EMU\SNES\SNES9X-GIT\SNES9X\WIN32\DEBUG\OBC1.SBR
D:\EMU\SNES\SNES9X-GIT\SNES9X\WIN32\DEBUG\PPU.OBJ
D:\EMU\SNES\SNES9X-GIT\SNES9X\WIN32\DEBUG\PPU.SBR
D:\Emu\SNES\snes9x-git\snes9x\win32\Debug\rc.command.1.tlog
D:\Emu\SNES\snes9x-git\snes9x\win32\Debug\rc.read.1.tlog
D:\Emu\SNES\snes9x-git\snes9x\win32\Debug\rc.write.1.tlog
D:\EMU\SNES\SNES9X-GIT\SNES9X\WIN32\DEBUG\RENDER.OBJ
D:\EMU\SNES\SNES9X-GIT\SNES9X\WIN32\DEBUG\RENDER.SBR
D:\EMU\SNES\SNES9X-GIT\SNES9X\WIN32\DEBUG\S9X-JMA.OBJ
D:\EMU\SNES\SNES9X-GIT\SNES9X\WIN32\DEBUG\S9X-JMA.SBR
D:\EMU\SNES\SNES9X-GIT\SNES9X\WIN32\DEBUG\SA1.OBJ
D:\EMU\SNES\SNES9X-GIT\SNES9X\WIN32\DEBUG\SA1.SBR
D:\EMU\SNES\SNES9X-GIT\SNES9X\WIN32\DEBUG\SA1CPU.OBJ
D:\EMU\SNES\SNES9X-GIT\SNES9X\WIN32\DEBUG\SA1CPU.SBR
D:\EMU\SNES\SNES9X-GIT\SNES9X\WIN32\DEBUG\SCREENSHOT.OBJ
D:\EMU\SNES\SNES9X-GIT\SNES9X\WIN32\DEBUG\SCREENSHOT.SBR
D:\EMU\SNES\SNES9X-GIT\SNES9X\WIN32\DEBUG\SDD1.OBJ
D:\EMU\SNES\SNES9X-GIT\SNES9X\WIN32\DEBUG\SDD1.SBR
D:\EMU\SNES\SNES9X-GIT\SNES9X\WIN32\DEBUG\SDD1EMU.OBJ
D:\EMU\SNES\SNES9X-GIT\SNES9X\WIN32\DEBUG\SDD1EMU.SBR
D:\EMU\SNES\SNES9X-GIT\SNES9X\WIN32\DEBUG\SDSP.OBJ
D:\EMU\SNES\SNES9X-GIT\SNES9X\WIN32\DEBUG\SDSP.SBR
D:\EMU\SNES\SNES9X-GIT\SNES9X\WIN32\DEBUG\SERVER.OBJ
D:\EMU\SNES\SNES9X-GIT\SNES9X\WIN32\DEBUG\SERVER.SBR
D:\EMU\SNES\SNES9X-GIT\SNES9X\WIN32\DEBUG\SETA.OBJ
D:\EMU\SNES\SNES9X-GIT\SNES9X\WIN32\DEBUG\SETA.SBR
D:\EMU\SNES\SNES9X-GIT\SNES9X\WIN32\DEBUG\SETA010.OBJ
D:\EMU\SNES\SNES9X-GIT\SNES9X\WIN32\DEBUG\SETA010.SBR
D:\EMU\SNES\SNES9X-GIT\SNES9X\WIN32\DEBUG\SETA011.OBJ
D:\EMU\SNES\SNES9X-GIT\SNES9X\WIN32\DEBUG\SETA011.SBR
D:\EMU\SNES\SNES9X-GIT\SNES9X\WIN32\DEBUG\SETA018.OBJ
D:\EMU\SNES\SNES9X-GIT\SNES9X\WIN32\DEBUG\SETA018.SBR
D:\EMU\SNES\SNES9X-GIT\SNES9X\WIN32\DEBUG\SMP.OBJ
D:\EMU\SNES\SNES9X-GIT\SNES9X\WIN32\DEBUG\SMP.SBR
D:\EMU\SNES\SNES9X-GIT\SNES9X\WIN32\DEBUG\SMP_STATE.OBJ
D:\EMU\SNES\SNES9X-GIT\SNES9X\WIN32\DEBUG\SMP_STATE.SBR
D:\EMU\SNES\SNES9X-GIT\SNES9X\WIN32\DEBUG\SNAPSHOT.OBJ
D:\EMU\SNES\SNES9X-GIT\SNES9X\WIN32\DEBUG\SNAPSHOT.SBR
D:\EMU\SNES\SNES9X-GIT\SNES9X\WIN32\DEBUG\SNES_NTSC.OBJ
D:\EMU\SNES\SNES9X-GIT\SNES9X\WIN32\DEBUG\SNES_NTSC.SBR
D:\EMU\SNES\SNES9X-GIT\SNES9X\WIN32\DEBUG\SNES9X.BSC
D:\EMU\SNES\SNES9X-GIT\SNES9X\WIN32\DEBUG\SNES9X.EXE.INTERMEDIATE.MANIFEST
D:\EMU\SNES\SNES9X-GIT\SNES9X\WIN32\DEBUG\SNES9X.OBJ
D:\EMU\SNES\SNES9X-GIT\SNES9X\WIN32\DEBUG\SNES9X.RES
D:\EMU\SNES\SNES9X-GIT\SNES9X\WIN32\DEBUG\SNES9X.SBR
D:\EMU\SNES\SNES9X-GIT\SNES9X\WIN32\DEBUG\SNES9X-DEBUG.PDB
D:\EMU\SNES\SNES9X-GIT\SNES9X\WIN32\DEBUG\SPC_DSP.OBJ
D:\EMU\SNES\SNES9X-GIT\SNES9X\WIN32\DEBUG\SPC_DSP.SBR
D:\EMU\SNES\SNES9X-GIT\SNES9X\WIN32\DEBUG\SPC7110.OBJ
D:\EMU\SNES\SNES9X-GIT\SNES9X\WIN32\DEBUG\SPC7110.SBR
D:\EMU\SNES\SNES9X-GIT\SNES9X\WIN32\DEBUG\SRTC.OBJ
D:\EMU\SNES\SNES9X-GIT\SNES9X\WIN32\DEBUG\SRTC.SBR
D:\EMU\SNES\SNES9X-GIT\SNES9X\WIN32\DEBUG\STATEMANAGER.OBJ
D:\EMU\SNES\SNES9X-GIT\SNES9X\WIN32\DEBUG\STATEMANAGER.SBR
D:\EMU\SNES\SNES9X-GIT\SNES9X\WIN32\DEBUG\STREAM.OBJ
D:\EMU\SNES\SNES9X-GIT\SNES9X\WIN32\DEBUG\STREAM.SBR
D:\EMU\SNES\SNES9X-GIT\SNES9X\WIN32\DEBUG\TILE.OBJ
D:\EMU\SNES\SNES9X-GIT\SNES9X\WIN32\DEBUG\TILE.SBR
D:\EMU\SNES\SNES9X-GIT\SNES9X\WIN32\DEBUG\VC100.PDB
D:\EMU\SNES\SNES9X-GIT\SNES9X\WIN32\DEBUG\WCONFIG.OBJ
D:\EMU\SNES\SNES9X-GIT\SNES9X\WIN32\DEBUG\WCONFIG.SBR
D:\EMU\SNES\SNES9X-GIT\SNES9X\WIN32\DEBUG\WIN32.OBJ
D:\EMU\SNES\SNES9X-GIT\SNES9X\WIN32\DEBUG\WIN32.SBR
D:\EMU\SNES\SNES9X-GIT\SNES9X\WIN32\DEBUG\WIN32_DISPLAY.OBJ
D:\EMU\SNES\SNES9X-GIT\SNES9X\WIN32\DEBUG\WIN32_DISPLAY.SBR
D:\EMU\SNES\SNES9X-GIT\SNES9X\WIN32\DEBUG\WIN32_SOUND.OBJ
D:\EMU\SNES\SNES9X-GIT\SNES9X\WIN32\DEBUG\WIN32_SOUND.SBR
D:\EMU\SNES\SNES9X-GIT\SNES9X\WIN32\DEBUG\WINOUT.OBJ
D:\EMU\SNES\SNES9X-GIT\SNES9X\WIN32\DEBUG\WINOUT.SBR
D:\EMU\SNES\SNES9X-GIT\SNES9X\WIN32\DEBUG\WSNES9X.OBJ
D:\EMU\SNES\SNES9X-GIT\SNES9X\WIN32\DEBUG\WSNES9X.SBR
D:\EMU\SNES\SNES9X-GIT\SNES9X\WIN32\SNES9X-DEBUG.EXE
