.\Release\Snes9X.bsc
.\Release\Snes9X.pdb
D:\Emu\SNES\snes9x-git\snes9x\win32\.\Release\Snes9X.exe.intermediate.manifest
D:\EMU\SNES\SNES9X-GIT\SNES9X\WIN32\RELEASE\_TFWOPEN.OBJ
D:\EMU\SNES\SNES9X-GIT\SNES9X\WIN32\RELEASE\_TFWOPEN.SBR
D:\EMU\SNES\SNES9X-GIT\SNES9X\WIN32\RELEASE\2XSAI.OBJ
D:\EMU\SNES\SNES9X-GIT\SNES9X\WIN32\RELEASE\2XSAI.SBR
D:\EMU\SNES\SNES9X-GIT\SNES9X\WIN32\RELEASE\7ZLZMA.OBJ
D:\EMU\SNES\SNES9X-GIT\SNES9X\WIN32\RELEASE\7ZLZMA.SBR
D:\EMU\SNES\SNES9X-GIT\SNES9X\WIN32\RELEASE\APU.OBJ
D:\EMU\SNES\SNES9X-GIT\SNES9X\WIN32\RELEASE\APU.SBR
D:\EMU\SNES\SNES9X-GIT\SNES9X\WIN32\RELEASE\AVIOUTPUT.OBJ
D:\EMU\SNES\SNES9X-GIT\SNES9X\WIN32\RELEASE\AVIOUTPUT.SBR
D:\EMU\SNES\SNES9X-GIT\SNES9X\WIN32\RELEASE\BLIT.OBJ
D:\EMU\SNES\SNES9X-GIT\SNES9X\WIN32\RELEASE\BLIT.SBR
D:\Emu\SNES\snes9x-git\snes9x\win32\Release\BscMake.command.1.tlog
D:\Emu\SNES\snes9x-git\snes9x\win32\Release\bscmake.read.1.tlog
D:\Emu\SNES\snes9x-git\snes9x\win32\Release\bscmake.write.1.tlog
D:\EMU\SNES\SNES9X-GIT\SNES9X\WIN32\RELEASE\BSX.OBJ
D:\EMU\SNES\SNES9X-GIT\SNES9X\WIN32\RELEASE\BSX.SBR
D:\EMU\SNES\SNES9X-GIT\SNES9X\WIN32\RELEASE\C4.OBJ
D:\EMU\SNES\SNES9X-GIT\SNES9X\WIN32\RELEASE\C4.SBR
D:\EMU\SNES\SNES9X-GIT\SNES9X\WIN32\RELEASE\C4EMU.OBJ
D:\EMU\SNES\SNES9X-GIT\SNES9X\WIN32\RELEASE\C4EMU.SBR
D:\EMU\SNES\SNES9X-GIT\SNES9X\WIN32\RELEASE\CCGSHADER.OBJ
D:\EMU\SNES\SNES9X-GIT\SNES9X\WIN32\RELEASE\CCGSHADER.SBR
D:\EMU\SNES\SNES9X-GIT\SNES9X\WIN32\RELEASE\CD3DCG.OBJ
D:\EMU\SNES\SNES9X-GIT\SNES9X\WIN32\RELEASE\CD3DCG.SBR
D:\EMU\SNES\SNES9X-GIT\SNES9X\WIN32\RELEASE\CDIRECT3D.OBJ
D:\EMU\SNES\SNES9X-GIT\SNES9X\WIN32\RELEASE\CDIRECT3D.SBR
D:\EMU\SNES\SNES9X-GIT\SNES9X\WIN32\RELEASE\CDIRECTDRAW.OBJ
D:\EMU\SNES\SNES9X-GIT\SNES9X\WIN32\RELEASE\CDIRECTDRAW.SBR
D:\EMU\SNES\SNES9X-GIT\SNES9X\WIN32\RELEASE\CDIRECTSOUND.OBJ
D:\EMU\SNES\SNES9X-GIT\SNES9X\WIN32\RELEASE\CDIRECTSOUND.SBR
D:\EMU\SNES\SNES9X-GIT\SNES9X\WIN32\RELEASE\CFMOD.OBJ
D:\EMU\SNES\SNES9X-GIT\SNES9X\WIN32\RELEASE\CFMOD.SBR
D:\EMU\SNES\SNES9X-GIT\SNES9X\WIN32\RELEASE\CFMODEX.OBJ
D:\EMU\SNES\SNES9X-GIT\SNES9X\WIN32\RELEASE\CFMODEX.SBR
D:\EMU\SNES\SNES9X-GIT\SNES9X\WIN32\RELEASE\CGFUNCTIONS.OBJ
D:\EMU\SNES\SNES9X-GIT\SNES9X\WIN32\RELEASE\CGFUNCTIONS.SBR
D:\EMU\SNES\SNES9X-GIT\SNES9X\WIN32\RELEASE\CGLCG.OBJ
D:\EMU\SNES\SNES9X-GIT\SNES9X\WIN32\RELEASE\CGLCG.SBR
D:\EMU\SNES\SNES9X-GIT\SNES9X\WIN32\RELEASE\CHEATS.OBJ
D:\EMU\SNES\SNES9X-GIT\SNES9X\WIN32\RELEASE\CHEATS.SBR
D:\EMU\SNES\SNES9X-GIT\SNES9X\WIN32\RELEASE\CHEATS2.OBJ
D:\EMU\SNES\SNES9X-GIT\SNES9X\WIN32\RELEASE\CHEATS2.SBR
D:\Emu\SNES\snes9x-git\snes9x\win32\Release\cl.command.1.tlog
D:\Emu\SNES\snes9x-git\snes9x\win32\Release\CL.read.1.tlog
D:\Emu\SNES\snes9x-git\snes9x\win32\Release\CL.write.1.tlog
D:\EMU\SNES\SNES9X-GIT\SNES9X\WIN32\RELEASE\CLIP.OBJ
D:\EMU\SNES\SNES9X-GIT\SNES9X\WIN32\RELEASE\CLIP.SBR
D:\EMU\SNES\SNES9X-GIT\SNES9X\WIN32\RELEASE\CONFFILE.OBJ
D:\EMU\SNES\SNES9X-GIT\SNES9X\WIN32\RELEASE\CONFFILE.SBR
D:\EMU\SNES\SNES9X-GIT\SNES9X\WIN32\RELEASE\CONTROLS.OBJ
D:\EMU\SNES\SNES9X-GIT\SNES9X\WIN32\RELEASE\CONTROLS.SBR
D:\EMU\SNES\SNES9X-GIT\SNES9X\WIN32\RELEASE\COPENGL.OBJ
D:\EMU\SNES\SNES9X-GIT\SNES9X\WIN32\RELEASE\COPENGL.SBR
D:\EMU\SNES\SNES9X-GIT\SNES9X\WIN32\RELEASE\CPU.OBJ
D:\EMU\SNES\SNES9X-GIT\SNES9X\WIN32\RELEASE\CPU.SBR
D:\EMU\SNES\SNES9X-GIT\SNES9X\WIN32\RELEASE\CPUEXEC.OBJ
D:\EMU\SNES\SNES9X-GIT\SNES9X\WIN32\RELEASE\CPUEXEC.SBR
D:\EMU\SNES\SNES9X-GIT\SNES9X\WIN32\RELEASE\CPUOPS.OBJ
D:\EMU\SNES\SNES9X-GIT\SNES9X\WIN32\RELEASE\CPUOPS.SBR
D:\EMU\SNES\SNES9X-GIT\SNES9X\WIN32\RELEASE\CRC32.OBJ
D:\EMU\SNES\SNES9X-GIT\SNES9X\WIN32\RELEASE\CRC32.SBR
D:\EMU\SNES\SNES9X-GIT\SNES9X\WIN32\RELEASE\CROSSHAIRS.OBJ
D:\EMU\SNES\SNES9X-GIT\SNES9X\WIN32\RELEASE\CROSSHAIRS.SBR
D:\EMU\SNES\SNES9X-GIT\SNES9X\WIN32\RELEASE\CXAUDIO2.OBJ
D:\EMU\SNES\SNES9X-GIT\SNES9X\WIN32\RELEASE\CXAUDIO2.SBR
D:\EMU\SNES\SNES9X-GIT\SNES9X\WIN32\RELEASE\DEBUG.OBJ
D:\EMU\SNES\SNES9X-GIT\SNES9X\WIN32\RELEASE\DEBUG.SBR
D:\EMU\SNES\SNES9X-GIT\SNES9X\WIN32\RELEASE\DMA.OBJ
D:\EMU\SNES\SNES9X-GIT\SNES9X\WIN32\RELEASE\DMA.SBR
D:\EMU\SNES\SNES9X-GIT\SNES9X\WIN32\RELEASE\DSP.OBJ
D:\EMU\SNES\SNES9X-GIT\SNES9X\WIN32\RELEASE\DSP.SBR
D:\EMU\SNES\SNES9X-GIT\SNES9X\WIN32\RELEASE\DSP1.OBJ
D:\EMU\SNES\SNES9X-GIT\SNES9X\WIN32\RELEASE\DSP1.SBR
D:\EMU\SNES\SNES9X-GIT\SNES9X\WIN32\RELEASE\DSP2.OBJ
D:\EMU\SNES\SNES9X-GIT\SNES9X\WIN32\RELEASE\DSP2.SBR
D:\EMU\SNES\SNES9X-GIT\SNES9X\WIN32\RELEASE\DSP3.OBJ
D:\EMU\SNES\SNES9X-GIT\SNES9X\WIN32\RELEASE\DSP3.SBR
D:\EMU\SNES\SNES9X-GIT\SNES9X\WIN32\RELEASE\DSP4.OBJ
D:\EMU\SNES\SNES9X-GIT\SNES9X\WIN32\RELEASE\DSP4.SBR
D:\EMU\SNES\SNES9X-GIT\SNES9X\WIN32\RELEASE\EPX.OBJ
D:\EMU\SNES\SNES9X-GIT\SNES9X\WIN32\RELEASE\EPX.SBR
D:\EMU\SNES\SNES9X-GIT\SNES9X\WIN32\RELEASE\FXEMU.OBJ
D:\EMU\SNES\SNES9X-GIT\SNES9X\WIN32\RELEASE\FXEMU.SBR
D:\EMU\SNES\SNES9X-GIT\SNES9X\WIN32\RELEASE\FXINST.OBJ
D:\EMU\SNES\SNES9X-GIT\SNES9X\WIN32\RELEASE\FXINST.SBR
D:\EMU\SNES\SNES9X-GIT\SNES9X\WIN32\RELEASE\GFX.OBJ
D:\EMU\SNES\SNES9X-GIT\SNES9X\WIN32\RELEASE\GFX.SBR
D:\EMU\SNES\SNES9X-GIT\SNES9X\WIN32\RELEASE\GLOBALS.OBJ
D:\EMU\SNES\SNES9X-GIT\SNES9X\WIN32\RELEASE\GLOBALS.SBR
D:\EMU\SNES\SNES9X-GIT\SNES9X\WIN32\RELEASE\HQ2X.OBJ
D:\EMU\SNES\SNES9X-GIT\SNES9X\WIN32\RELEASE\HQ2X.SBR
D:\EMU\SNES\SNES9X-GIT\SNES9X\WIN32\RELEASE\IIOSTRM.OBJ
D:\EMU\SNES\SNES9X-GIT\SNES9X\WIN32\RELEASE\IIOSTRM.SBR
D:\EMU\SNES\SNES9X-GIT\SNES9X\WIN32\RELEASE\INBYTE.OBJ
D:\EMU\SNES\SNES9X-GIT\SNES9X\WIN32\RELEASE\INBYTE.SBR
D:\EMU\SNES\SNES9X-GIT\SNES9X\WIN32\RELEASE\INPUTCUSTOM.OBJ
D:\EMU\SNES\SNES9X-GIT\SNES9X\WIN32\RELEASE\INPUTCUSTOM.SBR
D:\EMU\SNES\SNES9X-GIT\SNES9X\WIN32\RELEASE\JMA.OBJ
D:\EMU\SNES\SNES9X-GIT\SNES9X\WIN32\RELEASE\JMA.SBR
D:\Emu\SNES\snes9x-git\snes9x\win32\Release\link.command.1.tlog
D:\Emu\SNES\snes9x-git\snes9x\win32\Release\link.read.1.tlog
D:\Emu\SNES\snes9x-git\snes9x\win32\Release\link.write.1.tlog
D:\Emu\SNES\snes9x-git\snes9x\win32\Release\link-cvtres.read.1.tlog
D:\Emu\SNES\snes9x-git\snes9x\win32\Release\link-cvtres.write.1.tlog
D:\EMU\SNES\SNES9X-GIT\SNES9X\WIN32\RELEASE\LOADZIP.OBJ
D:\EMU\SNES\SNES9X-GIT\SNES9X\WIN32\RELEASE\LOADZIP.SBR
D:\EMU\SNES\SNES9X-GIT\SNES9X\WIN32\RELEASE\LOGGER.OBJ
D:\EMU\SNES\SNES9X-GIT\SNES9X\WIN32\RELEASE\LOGGER.SBR
D:\EMU\SNES\SNES9X-GIT\SNES9X\WIN32\RELEASE\LZMA.OBJ
D:\EMU\SNES\SNES9X-GIT\SNES9X\WIN32\RELEASE\LZMA.SBR
D:\EMU\SNES\SNES9X-GIT\SNES9X\WIN32\RELEASE\LZMADEC.OBJ
D:\EMU\SNES\SNES9X-GIT\SNES9X\WIN32\RELEASE\LZMADEC.SBR
D:\EMU\SNES\SNES9X-GIT\SNES9X\WIN32\RELEASE\MEMMAP.OBJ
D:\EMU\SNES\SNES9X-GIT\SNES9X\WIN32\RELEASE\MEMMAP.SBR
D:\EMU\SNES\SNES9X-GIT\SNES9X\WIN32\RELEASE\MOVIE.OBJ
D:\EMU\SNES\SNES9X-GIT\SNES9X\WIN32\RELEASE\MOVIE.SBR
D:\Emu\SNES\snes9x-git\snes9x\win32\Release\mt.command.1.tlog
D:\Emu\SNES\snes9x-git\snes9x\win32\Release\mt.read.1.tlog
D:\Emu\SNES\snes9x-git\snes9x\win32\Release\mt.write.1.tlog
D:\EMU\SNES\SNES9X-GIT\SNES9X\WIN32\RELEASE\NETPLAY.OBJ
D:\EMU\SNES\SNES9X-GIT\SNES9X\WIN32\RELEASE\NETPLAY.SBR
D:\EMU\SNES\SNES9X-GIT\SNES9X\WIN32\RELEASE\OBC1.OBJ
D:\EMU\SNES\SNES9X-GIT\SNES9X\WIN32\RELEASE\OBC1.SBR
D:\EMU\SNES\SNES9X-GIT\SNES9X\WIN32\RELEASE\PPU.OBJ
D:\EMU\SNES\SNES9X-GIT\SNES9X\WIN32\RELEASE\PPU.SBR
D:\Emu\SNES\snes9x-git\snes9x\win32\Release\rc.command.1.tlog
D:\Emu\SNES\snes9x-git\snes9x\win32\Release\rc.read.1.tlog
D:\Emu\SNES\snes9x-git\snes9x\win32\Release\rc.write.1.tlog
D:\EMU\SNES\SNES9X-GIT\SNES9X\WIN32\RELEASE\RENDER.OBJ
D:\EMU\SNES\SNES9X-GIT\SNES9X\WIN32\RELEASE\RENDER.SBR
D:\EMU\SNES\SNES9X-GIT\SNES9X\WIN32\RELEASE\S9X-JMA.OBJ
D:\EMU\SNES\SNES9X-GIT\SNES9X\WIN32\RELEASE\S9X-JMA.SBR
D:\EMU\SNES\SNES9X-GIT\SNES9X\WIN32\RELEASE\SA1.OBJ
D:\EMU\SNES\SNES9X-GIT\SNES9X\WIN32\RELEASE\SA1.SBR
D:\EMU\SNES\SNES9X-GIT\SNES9X\WIN32\RELEASE\SA1CPU.OBJ
D:\EMU\SNES\SNES9X-GIT\SNES9X\WIN32\RELEASE\SA1CPU.SBR
D:\EMU\SNES\SNES9X-GIT\SNES9X\WIN32\RELEASE\SCREENSHOT.OBJ
D:\EMU\SNES\SNES9X-GIT\SNES9X\WIN32\RELEASE\SCREENSHOT.SBR
D:\EMU\SNES\SNES9X-GIT\SNES9X\WIN32\RELEASE\SDD1.OBJ
D:\EMU\SNES\SNES9X-GIT\SNES9X\WIN32\RELEASE\SDD1.SBR
D:\EMU\SNES\SNES9X-GIT\SNES9X\WIN32\RELEASE\SDD1EMU.OBJ
D:\EMU\SNES\SNES9X-GIT\SNES9X\WIN32\RELEASE\SDD1EMU.SBR
D:\EMU\SNES\SNES9X-GIT\SNES9X\WIN32\RELEASE\SDSP.OBJ
D:\EMU\SNES\SNES9X-GIT\SNES9X\WIN32\RELEASE\SDSP.SBR
D:\EMU\SNES\SNES9X-GIT\SNES9X\WIN32\RELEASE\SERVER.OBJ
D:\EMU\SNES\SNES9X-GIT\SNES9X\WIN32\RELEASE\SERVER.SBR
D:\EMU\SNES\SNES9X-GIT\SNES9X\WIN32\RELEASE\SETA.OBJ
D:\EMU\SNES\SNES9X-GIT\SNES9X\WIN32\RELEASE\SETA.SBR
D:\EMU\SNES\SNES9X-GIT\SNES9X\WIN32\RELEASE\SETA010.OBJ
D:\EMU\SNES\SNES9X-GIT\SNES9X\WIN32\RELEASE\SETA010.SBR
D:\EMU\SNES\SNES9X-GIT\SNES9X\WIN32\RELEASE\SETA011.OBJ
D:\EMU\SNES\SNES9X-GIT\SNES9X\WIN32\RELEASE\SETA011.SBR
D:\EMU\SNES\SNES9X-GIT\SNES9X\WIN32\RELEASE\SETA018.OBJ
D:\EMU\SNES\SNES9X-GIT\SNES9X\WIN32\RELEASE\SETA018.SBR
D:\EMU\SNES\SNES9X-GIT\SNES9X\WIN32\RELEASE\SMP.OBJ
D:\EMU\SNES\SNES9X-GIT\SNES9X\WIN32\RELEASE\SMP.SBR
D:\EMU\SNES\SNES9X-GIT\SNES9X\WIN32\RELEASE\SMP_STATE.OBJ
D:\EMU\SNES\SNES9X-GIT\SNES9X\WIN32\RELEASE\SMP_STATE.SBR
D:\EMU\SNES\SNES9X-GIT\SNES9X\WIN32\RELEASE\SNAPSHOT.OBJ
D:\EMU\SNES\SNES9X-GIT\SNES9X\WIN32\RELEASE\SNAPSHOT.SBR
D:\EMU\SNES\SNES9X-GIT\SNES9X\WIN32\RELEASE\SNES_NTSC.OBJ
D:\EMU\SNES\SNES9X-GIT\SNES9X\WIN32\RELEASE\SNES_NTSC.SBR
D:\EMU\SNES\SNES9X-GIT\SNES9X\WIN32\RELEASE\SNES9X.BSC
D:\EMU\SNES\SNES9X-GIT\SNES9X\WIN32\RELEASE\SNES9X.EXE.INTERMEDIATE.MANIFEST
D:\EMU\SNES\SNES9X-GIT\SNES9X\WIN32\RELEASE\SNES9X.OBJ
D:\EMU\SNES\SNES9X-GIT\SNES9X\WIN32\RELEASE\SNES9X.PDB
D:\EMU\SNES\SNES9X-GIT\SNES9X\WIN32\RELEASE\SNES9X.RES
D:\EMU\SNES\SNES9X-GIT\SNES9X\WIN32\RELEASE\SNES9X.SBR
D:\EMU\SNES\SNES9X-GIT\SNES9X\WIN32\RELEASE\SPC_DSP.OBJ
D:\EMU\SNES\SNES9X-GIT\SNES9X\WIN32\RELEASE\SPC_DSP.SBR
D:\EMU\SNES\SNES9X-GIT\SNES9X\WIN32\RELEASE\SPC7110.OBJ
D:\EMU\SNES\SNES9X-GIT\SNES9X\WIN32\RELEASE\SPC7110.SBR
D:\EMU\SNES\SNES9X-GIT\SNES9X\WIN32\RELEASE\SRTC.OBJ
D:\EMU\SNES\SNES9X-GIT\SNES9X\WIN32\RELEASE\SRTC.SBR
D:\EMU\SNES\SNES9X-GIT\SNES9X\WIN32\RELEASE\STATEMANAGER.OBJ
D:\EMU\SNES\SNES9X-GIT\SNES9X\WIN32\RELEASE\STATEMANAGER.SBR
D:\EMU\SNES\SNES9X-GIT\SNES9X\WIN32\RELEASE\STREAM.OBJ
D:\EMU\SNES\SNES9X-GIT\SNES9X\WIN32\RELEASE\STREAM.SBR
D:\EMU\SNES\SNES9X-GIT\SNES9X\WIN32\RELEASE\TILE.OBJ
D:\EMU\SNES\SNES9X-GIT\SNES9X\WIN32\RELEASE\TILE.SBR
D:\EMU\SNES\SNES9X-GIT\SNES9X\WIN32\RELEASE\VC100.PDB
D:\EMU\SNES\SNES9X-GIT\SNES9X\WIN32\RELEASE\WCONFIG.OBJ
D:\EMU\SNES\SNES9X-GIT\SNES9X\WIN32\RELEASE\WCONFIG.SBR
D:\EMU\SNES\SNES9X-GIT\SNES9X\WIN32\RELEASE\WIN32.OBJ
D:\EMU\SNES\SNES9X-GIT\SNES9X\WIN32\RELEASE\WIN32.SBR
D:\EMU\SNES\SNES9X-GIT\SNES9X\WIN32\RELEASE\WIN32_DISPLAY.OBJ
D:\EMU\SNES\SNES9X-GIT\SNES9X\WIN32\RELEASE\WIN32_DISPLAY.SBR
D:\EMU\SNES\SNES9X-GIT\SNES9X\WIN32\RELEASE\WIN32_SOUND.OBJ
D:\EMU\SNES\SNES9X-GIT\SNES9X\WIN32\RELEASE\WIN32_SOUND.SBR
D:\EMU\SNES\SNES9X-GIT\SNES9X\WIN32\RELEASE\WINOUT.OBJ
D:\EMU\SNES\SNES9X-GIT\SNES9X\WIN32\RELEASE\WINOUT.SBR
D:\EMU\SNES\SNES9X-GIT\SNES9X\WIN32\RELEASE\WSNES9X.OBJ
D:\EMU\SNES\SNES9X-GIT\SNES9X\WIN32\RELEASE\WSNES9X.SBR
D:\EMU\SNES\SNES9X-GIT\SNES9X\WIN32\SNES9X.EXE
